<?xml version="1.0" encoding="UTF-8"?>
<!-- Generated by org.testng.reporters.JUnitXMLReporter -->
<testsuite hostname="DESKTOP-R7P9VL4" ignored="1" name="Firefox" tests="4" failures="1" timestamp="2019-10-09T10:29:54 IST" time="64.301" errors="0">
  <testcase name="deliberateFailureTest" time="0.699" classname="com.testclasses.TP_NextPageTest">
    <skipped/>
  </testcase> <!-- deliberateFailureTest -->
  <testcase name="deliberateFailureTest" time="0.66" classname="com.testclasses.TP_NextPageTest">
    <skipped/>
  </testcase> <!-- deliberateFailureTest -->
  <testcase name="deliberateFailureTest" time="0.655" classname="com.testclasses.TP_NextPageTest">
    <skipped/>
  </testcase> <!-- deliberateFailureTest -->
  <testcase name="deliberateFailureTest" time="0.619" classname="com.testclasses.TP_NextPageTest">
    <failure type="java.lang.AssertionError" message="expected [true] but found [false]">
      <![CDATA[java.lang.AssertionError: expected [true] but found [false]
at com.testclasses.TP_NextPageTest.deliberateFailureTest(TP_NextPageTest.java:124)
at java.util.ArrayList.forEach(ArrayList.java:1257)
... Removed 32 stack frames]]>
    </failure>
  </testcase> <!-- deliberateFailureTest -->
  <testcase name="addToCart" time="0.0" classname="com.testclasses.TP_NextPageTest">
    <ignored/>
  </testcase> <!-- addToCart -->
</testsuite> <!-- Firefox -->
